<?xml version="1.0" encoding="UTF-8"?>
<!-- Generated by org.testng.reporters.JUnitReportReporter -->
<testsuite hostname="IBM-PF34DFEQ" failures="0" tests="1" name="AppiumBasics" time="12.145" errors="0" timestamp="2024-11-23T23:31:46 IST" skipped="0">
  <testcase classname="AppiumBasics" name="AppiumTest" time="12.145"/>
  <system-out/>
</testsuite> <!-- AppiumBasics -->
